00:07:30.530 [main] INFO  cucumber.hooks.DriverInstance - Web Page opens
00:07:30.548 [main] INFO  cucumber.hooks.DriverInstance - valildating HomeLoan
00:08:41.110 [main] INFO  cucumber.hooks.DriverInstance - Web Page opens
00:08:43.293 [main] INFO  cucumber.hooks.DriverInstance - Checking EMI_Calculator Elements displayed or not
00:08:46.962 [main] INFO  cucumber.hooks.DriverInstance - Checking LoanAmount Elements displayed or not
00:08:49.501 [main] INFO  cucumber.hooks.DriverInstance - Checking LoanTenure Elements displayed or not
00:09:41.239 [main] INFO  cucumber.hooks.DriverInstance - Web Page opens
00:09:41.296 [main] INFO  cucumber.hooks.DriverInstance - Tapping CarLoan option
00:09:41.617 [main] INFO  cucumber.hooks.DriverInstance - Entering car loan value
00:09:41.882 [main] INFO  cucumber.hooks.DriverInstance - Entering Interest
00:09:42.188 [main] INFO  cucumber.hooks.DriverInstance - Entering Tenure
00:09:42.643 [main] INFO  cucumber.hooks.DriverInstance - Capturing interest and principle amount for first month
00:10:01.640 [main] INFO  cucumber.hooks.DriverInstance - Web Page opens
00:10:01.644 [main] INFO  cucumber.hooks.DriverInstance - valildating HomeLoan
00:10:14.087 [main] INFO  cucumber.hooks.DriverInstance - writing the values in the sheets
00:10:31.706 [main] INFO  cucumber.hooks.DriverInstance - Web Page opens
00:10:33.998 [main] INFO  cucumber.hooks.DriverInstance - Checking EMI_Calculator Elements displayed or not
00:10:36.945 [main] INFO  cucumber.hooks.DriverInstance - Checking LoanAmount Elements displayed or not
00:10:39.391 [main] INFO  cucumber.hooks.DriverInstance - Checking LoanTenure Elements displayed or not
00:18:15.292 [main] INFO  cucumber.hooks.DriverInstance - Web Page opens
00:18:15.328 [main] INFO  cucumber.hooks.DriverInstance - Tapping CarLoan option
00:18:29.743 [main] INFO  cucumber.hooks.DriverInstance - Web Page opens
00:18:29.751 [main] INFO  cucumber.hooks.DriverInstance - valildating HomeLoan
01:00:56.428 [main] INFO  cucumber.hooks.DriverInstance - Web Page opens
01:00:56.490 [main] INFO  cucumber.hooks.DriverInstance - Tapping CarLoan option
01:00:57.282 [main] INFO  cucumber.hooks.DriverInstance - Entering car loan value
01:00:58.189 [main] INFO  cucumber.hooks.DriverInstance - Entering Interest
01:00:59.049 [main] INFO  cucumber.hooks.DriverInstance - Entering Tenure
01:01:00.053 [main] INFO  cucumber.hooks.DriverInstance - Capturing interest and principle amount for first month
01:01:21.354 [main] INFO  cucumber.hooks.DriverInstance - Web Page opens
01:01:21.380 [main] INFO  cucumber.hooks.DriverInstance - valildating HomeLoan
01:01:40.740 [main] INFO  cucumber.hooks.DriverInstance - writing the values in the sheets
01:02:00.981 [main] INFO  cucumber.hooks.DriverInstance - Web Page opens
01:02:02.821 [main] INFO  cucumber.hooks.DriverInstance - Checking EMI_Calculator Elements displayed or not
01:02:07.412 [main] INFO  cucumber.hooks.DriverInstance - Checking LoanAmount Elements displayed or not
01:02:11.870 [main] INFO  cucumber.hooks.DriverInstance - Checking LoanTenure Elements displayed or not
01:12:51.630 [main] INFO  cucumber.hooks.DriverInstance - Web Page opens
01:12:51.753 [main] INFO  cucumber.hooks.DriverInstance - Tapping CarLoan option
01:12:52.606 [main] INFO  cucumber.hooks.DriverInstance - Entering car loan value
01:12:53.495 [main] INFO  cucumber.hooks.DriverInstance - Entering Interest
01:12:54.525 [main] INFO  cucumber.hooks.DriverInstance - Entering Tenure
01:12:55.699 [main] INFO  cucumber.hooks.DriverInstance - Capturing interest and principle amount for first month
01:13:20.932 [main] INFO  cucumber.hooks.DriverInstance - Web Page opens
01:13:20.950 [main] INFO  cucumber.hooks.DriverInstance - valildating HomeLoan
01:13:38.188 [main] INFO  cucumber.hooks.DriverInstance - writing the values in the sheets
01:14:00.531 [main] INFO  cucumber.hooks.DriverInstance - Web Page opens
01:14:02.250 [main] INFO  cucumber.hooks.DriverInstance - Checking EMI_Calculator Elements displayed or not
01:14:06.667 [main] INFO  cucumber.hooks.DriverInstance - Checking LoanAmount Elements displayed or not
01:14:10.392 [main] INFO  cucumber.hooks.DriverInstance - Checking LoanTenure Elements displayed or not
01:27:44.604 [main] INFO  cucumber.hooks.DriverInstance - Web Page opens
01:27:44.717 [main] INFO  cucumber.hooks.DriverInstance - Tapping CarLoan option
01:27:45.755 [main] INFO  cucumber.hooks.DriverInstance - Entering car loan value
01:27:46.686 [main] INFO  cucumber.hooks.DriverInstance - Entering Interest
01:27:47.562 [main] INFO  cucumber.hooks.DriverInstance - Entering Tenure
01:27:48.649 [main] INFO  cucumber.hooks.DriverInstance - Capturing interest and principle amount for first month
01:28:10.938 [main] INFO  cucumber.hooks.DriverInstance - Web Page opens
01:28:10.954 [main] INFO  cucumber.hooks.DriverInstance - valildating HomeLoan
01:28:32.247 [main] INFO  cucumber.hooks.DriverInstance - writing the values in the sheets
